<?xml version="1.0" encoding="UTF-8"?>
<!-- Generated by org.testng.reporters.JUnitReportReporter -->
<testsuite hostname="BijayaChhetri" failures="0" tests="1" name="selenium_web_testing.Test_001_LunchBrowers" time="14.275" errors="0" timestamp="2025-02-25T14:18:44 EST" skipped="0">
  <testcase classname="selenium_web_testing.Test_001_LunchBrowers" name="test_lunch_chrome" time="14.275"/>
</testsuite> <!-- selenium_web_testing.Test_001_LunchBrowers -->
