<?xml version="1.0" encoding="UTF-8"?>
<!-- Generated by org.testng.reporters.JUnitReportReporter -->
<testsuite hostname="BijayaChhetri" failures="0" tests="1" name="com.selenium.webdriver.Test_17_Alert" time="18.669" errors="0" timestamp="2025-03-26T13:14:36 EDT" skipped="0">
  <testcase classname="com.selenium.webdriver.Test_17_Alert" name="test_alert_with_textBook" time="18.669"/>
</testsuite> <!-- com.selenium.webdriver.Test_17_Alert -->
