<?xml version="1.0" encoding="UTF-8"?>
<!-- Generated by org.testng.reporters.JUnitReportReporter -->
<testsuite hostname="BijayaChhetri" failures="0" tests="1" name="com.selenium.webdriver.Test_005_GetAttribute" time="8.493" errors="0" timestamp="2025-04-08T13:57:25 EDT" skipped="0">
  <testcase classname="com.selenium.webdriver.Test_005_GetAttribute" name="GetAttribute" time="8.493"/>
</testsuite> <!-- com.selenium.webdriver.Test_005_GetAttribute -->
