<?xml version="1.0" encoding="UTF-8"?>
<!-- Generated by org.testng.reporters.JUnitReportReporter -->
<testsuite hostname="Bianca" failures="0" tests="1" name="com.learn.java.zTemp" time="0.044" errors="0" timestamp="2025-04-20T22:54:44 EDT" skipped="0">
  <testcase classname="com.learn.java.zTemp" name="demo" time="0.044"/>
</testsuite> <!-- com.learn.java.zTemp -->
