<?xml version="1.0" encoding="UTF-8"?>
<!-- Generated by org.testng.reporters.JUnitReportReporter -->
<testsuite hostname="BijayaChhetri" failures="0" tests="1" name="com.selenium.webdriver.Test_004_Practice" time="13.520" errors="0" timestamp="2025-04-08T13:44:10 EDT" skipped="0">
  <testcase classname="com.selenium.webdriver.Test_004_Practice" name="practice" time="13.520"/>
</testsuite> <!-- com.selenium.webdriver.Test_004_Practice -->
