<?xml version="1.0" encoding="UTF-8"?>
<!-- Generated by org.testng.reporters.JUnitReportReporter -->
<testsuite hostname="BijayaChhetri" failures="0" tests="1" name="com.selenium.webdriver.Test_006_Refresh_Rorward_Back" time="9.915" errors="0" timestamp="2025-04-08T14:00:59 EDT" skipped="0">
  <testcase classname="com.selenium.webdriver.Test_006_Refresh_Rorward_Back" name="test_demo" time="9.915"/>
</testsuite> <!-- com.selenium.webdriver.Test_006_Refresh_Rorward_Back -->
