<?xml version="1.0" encoding="UTF-8"?>
<!-- Generated by org.testng.reporters.JUnitReportReporter -->
<testsuite hostname="BijayaChhetri" failures="0" tests="1" name="com.selenium.webdriver.Test_21_MultipleWindowChildWindow" time="13.570" errors="0" timestamp="2025-04-02T16:53:47 EDT" skipped="0">
  <testcase classname="com.selenium.webdriver.Test_21_MultipleWindowChildWindow" name="testPractice" time="13.570"/>
</testsuite> <!-- com.selenium.webdriver.Test_21_MultipleWindowChildWindow -->
