<?xml version="1.0" encoding="UTF-8"?>
<!-- Generated by org.testng.reporters.JUnitReportReporter -->
<testsuite hostname="BijayaChhetri" failures="0" tests="1" name="com.selenium.webdriver.Test_003_DropDown" time="11.490" errors="0" timestamp="2025-04-08T13:37:00 EDT" skipped="0">
  <testcase classname="com.selenium.webdriver.Test_003_DropDown" name="test_enter_select_dropdown" time="11.490"/>
</testsuite> <!-- com.selenium.webdriver.Test_003_DropDown -->
