<?xml version="1.0" encoding="UTF-8"?>
<!-- Generated by org.testng.reporters.JUnitReportReporter -->
<testsuite hostname="BijayaChhetri" failures="0" tests="1" name="com.selenium.webdriver.Test_25_KeyboardEvents" time="21.758" errors="0" timestamp="2025-04-02T22:09:50 EDT" skipped="0">
  <testcase classname="com.selenium.webdriver.Test_25_KeyboardEvents" name="testPractice" time="21.758"/>
</testsuite> <!-- com.selenium.webdriver.Test_25_KeyboardEvents -->
