<?xml version="1.0" encoding="UTF-8"?>
<!-- Generated by org.testng.reporters.JUnitReportReporter -->
<testsuite hostname="BijayaChhetri" failures="0" tests="1" name="selenium_webdriver.Test_003_DropDown" time="10.797" errors="0" timestamp="2025-03-11T19:58:50 EDT" skipped="0">
  <testcase classname="selenium_webdriver.Test_003_DropDown" name="test_enter_select_dropdown" time="10.797"/>
</testsuite> <!-- selenium_webdriver.Test_003_DropDown -->
