<?xml version="1.0" encoding="UTF-8"?>
<!-- Generated by org.testng.reporters.JUnitReportReporter -->
<testsuite hostname="BijayaChhetri" failures="0" tests="1" name="com.selenium.webdriver.Test_28_recorder" time="9.916" errors="0" timestamp="2025-04-06T15:38:41 EDT" skipped="0">
  <testcase classname="com.selenium.webdriver.Test_28_recorder" name="testUntitledTestCase" time="9.916"/>
</testsuite> <!-- com.selenium.webdriver.Test_28_recorder -->
