<?xml version="1.0" encoding="UTF-8"?>
<!-- Generated by org.testng.reporters.JUnitReportReporter -->
<testsuite hostname="BijayaChhetri" failures="0" tests="1" name="com.selenium.webdriver.Test_008_Others" time="3.180" errors="0" timestamp="2025-03-25T13:47:29 EDT" skipped="0">
  <testcase classname="com.selenium.webdriver.Test_008_Others" name="test_demo" time="3.180"/>
</testsuite> <!-- com.selenium.webdriver.Test_008_Others -->
