<?xml version="1.0" encoding="UTF-8"?>
<!-- Generated by org.testng.reporters.JUnitReportReporter -->
<testsuite hostname="BijayaChhetri" failures="0" tests="1" name="com.selenium.webdriver.Test_29_ShadowDomOrRoot" time="2.361" errors="0" timestamp="2025-04-06T16:51:30 EDT" skipped="0">
  <testcase classname="com.selenium.webdriver.Test_29_ShadowDomOrRoot" name="demo" time="2.361"/>
</testsuite> <!-- com.selenium.webdriver.Test_29_ShadowDomOrRoot -->
