<?xml version="1.0" encoding="UTF-8"?>
<!-- Generated by org.testng.reporters.JUnitReportReporter -->
<testsuite hostname="BijayaChhetri" failures="0" tests="1" name="com.selenium.webdriver.Test_23_Scroll" time="10.707" errors="0" timestamp="2025-04-02T17:42:38 EDT" skipped="0">
  <testcase classname="com.selenium.webdriver.Test_23_Scroll" name="testPractice" time="10.707"/>
</testsuite> <!-- com.selenium.webdriver.Test_23_Scroll -->
