<?xml version="1.0" encoding="UTF-8"?>
<!-- Generated by org.testng.reporters.JUnitReportReporter -->
<testsuite hostname="BijayaChhetri" failures="0" tests="1" name="com.selenium.webdriver.Test_002_SendKeys_Click" time="13.541" errors="0" timestamp="2025-04-08T13:31:34 EDT" skipped="0">
  <testcase classname="com.selenium.webdriver.Test_002_SendKeys_Click" name="test_enter_click" time="13.541"/>
</testsuite> <!-- com.selenium.webdriver.Test_002_SendKeys_Click -->
