<?xml version="1.0" encoding="UTF-8"?>
<!-- Generated by org.testng.reporters.JUnitReportReporter -->
<testsuite hostname="Bianca" failures="0" tests="1" name="com.sel.framework.Test01_Verify_LogIn" time="9.268" errors="0" timestamp="2025-04-08T18:31:53 EDT" skipped="0">
  <testcase classname="com.sel.framework.Test01_Verify_LogIn" name="verifyLogIn" time="9.268"/>
</testsuite> <!-- com.sel.framework.Test01_Verify_LogIn -->
