<?xml version="1.0" encoding="UTF-8"?>
<!-- Generated by org.testng.reporters.JUnitReportReporter -->
<testsuite hostname="BijayaChhetri" failures="0" tests="1" name="com.selenium.webdriver.Test_24_IFrame" time="7.559" errors="0" timestamp="2025-04-02T17:55:37 EDT" skipped="0">
  <testcase classname="com.selenium.webdriver.Test_24_IFrame" name="testPractice" time="7.559"/>
</testsuite> <!-- com.selenium.webdriver.Test_24_IFrame -->
