<?xml version="1.0" encoding="UTF-8"?>
<!-- Generated by org.testng.reporters.JUnitReportReporter -->
<testsuite hostname="BijayaChhetri" failures="0" tests="1" name="com.selenium.webdriver.Test_19_DateAndTime" time="0.051" errors="0" timestamp="2025-03-30T14:31:37 EDT" skipped="0">
  <testcase classname="com.selenium.webdriver.Test_19_DateAndTime" name="getCurrentDTime" time="0.051"/>
</testsuite> <!-- com.selenium.webdriver.Test_19_DateAndTime -->
