<?xml version="1.0" encoding="UTF-8"?>
<!-- Generated by org.testng.reporters.JUnitReportReporter -->
<testsuite hostname="BijayaChhetri" failures="0" tests="1" name="selenium_webdriver.Test_002_SendKeys_Click" time="17.953" errors="0" timestamp="2025-03-11T19:58:50 EDT" skipped="0">
  <testcase classname="selenium_webdriver.Test_002_SendKeys_Click" name="test_enter_click" time="17.953"/>
</testsuite> <!-- selenium_webdriver.Test_002_SendKeys_Click -->
