<?xml version="1.0" encoding="UTF-8"?>
<!-- Generated by org.testng.reporters.JUnitReportReporter -->
<testsuite hostname="BijayaChhetri" failures="0" tests="1" name="com.selenium.webdriver.Test_18_CheckBxAndRadioBtn" time="13.020" errors="0" timestamp="2025-03-26T16:49:29 EDT" skipped="0">
  <testcase classname="com.selenium.webdriver.Test_18_CheckBxAndRadioBtn" name="test_demo" time="13.020"/>
</testsuite> <!-- com.selenium.webdriver.Test_18_CheckBxAndRadioBtn -->
