<?xml version="1.0" encoding="UTF-8"?>
<!-- Generated by org.testng.reporters.JUnitReportReporter -->
<testsuite hostname="BijayaChhetri" failures="0" tests="1" name="com.selenium.webdriver.Test_14_FileUpload" time="13.923" errors="0" timestamp="2025-03-25T22:12:22 EDT" skipped="0">
  <testcase classname="com.selenium.webdriver.Test_14_FileUpload" name="test_demo" time="13.923"/>
</testsuite> <!-- com.selenium.webdriver.Test_14_FileUpload -->
