<?xml version="1.0" encoding="UTF-8"?>
<!-- Generated by org.testng.reporters.JUnitReportReporter -->
<testsuite hostname="BijayaChhetri" failures="0" tests="1" name="com.selenium.webdriver.Test_007_Absolute_Relative_Path" time="12.694" errors="0" timestamp="2025-03-23T17:54:58 EDT" skipped="0">
  <testcase classname="com.selenium.webdriver.Test_007_Absolute_Relative_Path" name="test_demo" time="12.694"/>
</testsuite> <!-- com.selenium.webdriver.Test_007_Absolute_Relative_Path -->
