<?xml version="1.0" encoding="UTF-8"?>
<!-- Generated by org.testng.reporters.JUnitReportReporter -->
<testsuite hostname="BijayaChhetri" failures="0" tests="1" name="bc_demo.Test_003_Subi" time="3.667" errors="0" timestamp="2025-03-11T19:58:50 EDT" skipped="0">
  <testcase classname="bc_demo.Test_003_Subi" name="test_lunch_amazon" time="3.667"/>
</testsuite> <!-- bc_demo.Test_003_Subi -->
