<?xml version="1.0" encoding="UTF-8"?>
<!-- Generated by org.testng.reporters.JUnitReportReporter -->
<testsuite hostname="BijayaChhetri" failures="0" tests="1" name="com.selenium.webdriver.Test_15_Screenshot" time="8.641" errors="0" timestamp="2025-03-25T22:35:48 EDT" skipped="0">
  <testcase classname="com.selenium.webdriver.Test_15_Screenshot" name="test_demo" time="8.641"/>
</testsuite> <!-- com.selenium.webdriver.Test_15_Screenshot -->
