<?xml version="1.0" encoding="UTF-8"?>
<!-- Generated by org.testng.reporters.JUnitReportReporter -->
<testsuite hostname="BijayaChhetri" failures="0" tests="3" name="com.selenium.webdriver.Test_001_Lunch_Diffrent_Browser" time="40.543" errors="0" timestamp="2025-04-08T13:21:29 EDT" skipped="0">
  <testcase classname="com.selenium.webdriver.Test_001_Lunch_Diffrent_Browser" name="test_lunch_chrome" time="11.956"/>
  <testcase classname="com.selenium.webdriver.Test_001_Lunch_Diffrent_Browser" name="test_lunch_firefox" time="16.020"/>
  <testcase classname="com.selenium.webdriver.Test_001_Lunch_Diffrent_Browser" name="test_lunch_msedge" time="12.567"/>
</testsuite> <!-- com.selenium.webdriver.Test_001_Lunch_Diffrent_Browser -->
