<?xml version="1.0" encoding="UTF-8"?>
<!-- Generated by org.testng.reporters.JUnitReportReporter -->
<testsuite hostname="BijayaChhetri" failures="0" tests="1" name="com.selenium.webdriver.Test_22_ElementvsElements" time="62.547" errors="0" timestamp="2025-04-02T17:18:43 EDT" skipped="0">
  <testcase classname="com.selenium.webdriver.Test_22_ElementvsElements" name="testPractice" time="62.547"/>
</testsuite> <!-- com.selenium.webdriver.Test_22_ElementvsElements -->
