<?xml version="1.0" encoding="UTF-8"?>
<!-- Generated by org.testng.reporters.JUnitReportReporter -->
<testsuite hostname="BijayaChhetri" failures="0" tests="1" name="com.testng.Test_001_Before_After" time="8.714" errors="0" timestamp="2025-04-06T18:39:51 EDT" skipped="0">
  <testcase classname="com.testng.Test_001_Before_After" name="demo2" time="8.714"/>
</testsuite> <!-- com.testng.Test_001_Before_After -->
