<?xml version="1.0" encoding="UTF-8"?>
<!-- Generated by org.testng.reporters.JUnitReportReporter -->
<testsuite hostname="BijayaChhetri" failures="0" tests="3" name="com.testng.Test_002_Priority" time="23.096" errors="0" timestamp="2025-03-20T16:33:27 EDT" skipped="0">
  <testcase classname="com.testng.Test_002_Priority" name="testCheck" time="8.217"/>
  <testcase classname="com.testng.Test_002_Priority" name="getText" time="7.617"/>
  <testcase classname="com.testng.Test_002_Priority" name="testSendKey" time="7.262"/>
</testsuite> <!-- com.testng.Test_002_Priority -->
