<?xml version="1.0" encoding="UTF-8"?>
<!-- Generated by org.testng.reporters.JUnitReportReporter -->
<testsuite hostname="BijayaChhetri" failures="0" tests="1" name="com.selenium.webdriver.Test_13_ToolTip_Text" time="8.487" errors="0" timestamp="2025-03-25T22:27:45 EDT" skipped="0">
  <testcase classname="com.selenium.webdriver.Test_13_ToolTip_Text" name="test_demo" time="8.487"/>
</testsuite> <!-- com.selenium.webdriver.Test_13_ToolTip_Text -->
