<?xml version="1.0" encoding="UTF-8"?>
<!-- Generated by org.testng.reporters.JUnitReportReporter -->
<testsuite hostname="BijayaChhetri" failures="0" tests="1" name="com.selenium.webdriver.Test_16_IsDisplayed_IsSelected" time="7.220" errors="0" timestamp="2025-03-26T17:14:22 EDT" skipped="0">
  <testcase classname="com.selenium.webdriver.Test_16_IsDisplayed_IsSelected" name="test_isDisplayed" time="7.220"/>
</testsuite> <!-- com.selenium.webdriver.Test_16_IsDisplayed_IsSelected -->
