<?xml version="1.0" encoding="UTF-8"?>
<!-- Generated by org.testng.reporters.JUnitReportReporter -->
<testsuite hostname="BijayaChhetri" failures="0" tests="2" name="bc_demo.Test_002_Maximize" time="11.114" errors="0" timestamp="2025-03-11T19:40:44 EDT" skipped="0">
  <testcase classname="bc_demo.Test_002_Maximize" name="test_lunch_amazon" time="4.006"/>
  <testcase classname="bc_demo.Test_002_Maximize" name="test_lunch_walmart" time="7.108"/>
</testsuite> <!-- bc_demo.Test_002_Maximize -->
