<?xml version="1.0" encoding="UTF-8"?>
<!-- Generated by org.testng.reporters.JUnitReportReporter -->
<testsuite hostname="BijayaChhetri" failures="0" tests="1" name="bc_demo.Test_001_LunchBrowers" time="6.832" errors="0" timestamp="2025-03-11T19:40:44 EDT" skipped="0">
  <testcase classname="bc_demo.Test_001_LunchBrowers" name="test_lunch_facebook" time="6.832"/>
</testsuite> <!-- bc_demo.Test_001_LunchBrowers -->
