<?xml version="1.0" encoding="UTF-8"?>
<!-- Generated by org.testng.reporters.JUnitReportReporter -->
<testsuite hostname="BijayaChhetri" failures="0" tests="2" name="selenium_web_testing.Test_002_Maximize" time="24.182" errors="0" timestamp="2025-03-04T14:27:24 EST" skipped="0">
  <testcase classname="selenium_web_testing.Test_002_Maximize" name="test_amazon" time="11.304"/>
  <testcase classname="selenium_web_testing.Test_002_Maximize" name="test_maximize" time="12.878"/>
</testsuite> <!-- selenium_web_testing.Test_002_Maximize -->
