<?xml version="1.0" encoding="UTF-8"?>
<!-- Generated by org.testng.reporters.JUnitReportReporter -->
<testsuite hostname="BijayaChhetri" failures="0" tests="3" name="selenium_webdriver.Test_001_Lunch_Diffrent_Browser" time="39.203" errors="0" timestamp="2025-03-11T19:40:44 EDT" skipped="0">
  <testcase classname="selenium_webdriver.Test_001_Lunch_Diffrent_Browser" name="test_lunch_firefox" time="16.082"/>
  <testcase classname="selenium_webdriver.Test_001_Lunch_Diffrent_Browser" name="test_lunch_msedge" time="12.678"/>
  <testcase classname="selenium_webdriver.Test_001_Lunch_Diffrent_Browser" name="test_lunch_chrome" time="10.443"/>
</testsuite> <!-- selenium_webdriver.Test_001_Lunch_Diffrent_Browser -->
